This file contains any messages produced by compilers while
running configure, to aid debugging if configure makes a mistake.

It was created by dSFMT configure 1.1.0, which was
generated by GNU Autoconf 2.61.  Invocation command line was

  $ ./configure 

## --------- ##
## Platform. ##
## --------- ##

hostname = saimac.local
uname -m = Power Macintosh
uname -r = 8.9.0
uname -s = Darwin
uname -v = Darwin Kernel Version 8.9.0: Thu Feb 22 20:54:07 PST 2007; root:xnu-792.17.14~1/RELEASE_PPC

/usr/bin/uname -p = powerpc
/bin/uname -X     = unknown

/bin/arch              = unknown
/usr/bin/arch -k       = unknown
/usr/convex/getsysinfo = unknown
/usr/bin/hostinfo      = Mach kernel version:
	 Darwin Kernel Version 8.9.0: Thu Feb 22 20:54:07 PST 2007; root:xnu-792.17.14~1/RELEASE_PPC
Kernel configured for a single processor only.
1 processor is physically available.
Processor type: ppc7450 (PowerPC 7450)
Processor active: 0
Primary memory available: 768.00 megabytes
Default processor set: 66 tasks, 206 threads, 1 processors
Load average: 1.50, Mach factor: 0.52
/bin/machine           = unknown
/usr/bin/oslevel       = unknown
/bin/universe          = unknown

PATH: /Library/Frameworks/Python.framework/Versions/Current/bin
PATH: /sw/bin
PATH: /sw/sbin
PATH: /usr/local/bin
PATH: /bin
PATH: /sbin
PATH: /usr/bin
PATH: /usr/sbin
PATH: /Users/saito/bin
PATH: /usr/X11R6/bin
PATH: /Users/saito/bin


## ----------- ##
## Core tests. ##
## ----------- ##

configure:1985: checking for a BSD-compatible install
configure:2041: result: /usr/bin/install -c
configure:2052: checking whether build environment is sane
configure:2095: result: yes
configure:2123: checking for a thread-safe mkdir -p
configure:2162: result: ./install-sh -c -d
configure:2175: checking for gawk
configure:2205: result: no
configure:2175: checking for mawk
configure:2205: result: no
configure:2175: checking for nawk
configure:2205: result: no
configure:2175: checking for awk
configure:2191: found /usr/bin/awk
configure:2202: result: awk
configure:2213: checking whether make sets $(MAKE)
configure:2234: result: yes
configure:2472: checking for gcc
configure:2488: found /usr/bin/gcc
configure:2499: result: gcc
configure:2737: checking for C compiler version
configure:2744: gcc --version >&5
powerpc-apple-darwin8-gcc-4.0.0 (GCC) 4.0.0 (Apple Computer, Inc. build 5026)
Copyright (C) 2005 Free Software Foundation, Inc.
This is free software; see the source for copying conditions.  There is NO
warranty; not even for MERCHANTABILITY or FITNESS FOR A PARTICULAR PURPOSE.

configure:2747: $? = 0
configure:2754: gcc -v >&5
Using built-in specs.
Target: powerpc-apple-darwin8
Configured with: /private/var/tmp/gcc/gcc-5026.obj~19/src/configure --disable-checking --prefix=/usr --mandir=/share/man --enable-languages=c,objc,c++,obj-c++ --program-transform-name=/^[cg][^+.-]*$/s/$/-4.0/ --with-gxx-include-dir=/include/gcc/darwin/4.0/c++ --build=powerpc-apple-darwin8 --host=powerpc-apple-darwin8 --target=powerpc-apple-darwin8
Thread model: posix
gcc version 4.0.0 (Apple Computer, Inc. build 5026)
configure:2757: $? = 0
configure:2764: gcc -V >&5
gcc: argument to `-V' is missing
configure:2767: $? = 1
configure:2790: checking for C compiler default output file name
configure:2817: gcc    conftest.c  >&5
configure:2820: $? = 0
configure:2858: result: a.out
configure:2875: checking whether the C compiler works
configure:2885: ./a.out
configure:2888: $? = 0
configure:2905: result: yes
configure:2912: checking whether we are cross compiling
configure:2914: result: no
configure:2917: checking for suffix of executables
configure:2924: gcc -o conftest    conftest.c  >&5
configure:2927: $? = 0
configure:2951: result: 
configure:2957: checking for suffix of object files
configure:2983: gcc -c   conftest.c >&5
configure:2986: $? = 0
configure:3009: result: o
configure:3013: checking whether we are using the GNU C compiler
configure:3042: gcc -c   conftest.c >&5
configure:3048: $? = 0
configure:3065: result: yes
configure:3070: checking whether gcc accepts -g
configure:3100: gcc -c -g  conftest.c >&5
configure:3106: $? = 0
configure:3205: result: yes
configure:3222: checking for gcc option to accept ISO C89
configure:3296: gcc  -c -g -O2  conftest.c >&5
configure:3302: $? = 0
configure:3325: result: none needed
configure:3354: checking for style of include used by make
configure:3382: result: GNU
configure:3407: checking dependency style of gcc
configure:3498: result: gcc3
configure:3526: checking for a BSD-compatible install
configure:3582: result: /usr/bin/install -c
configure:3671: checking build system type
configure:3689: result: powerpc-apple-darwin8.9.0
configure:3711: checking host system type
configure:3726: result: powerpc-apple-darwin8.9.0
configure:3748: checking for a sed that does not truncate output
configure:3802: result: /usr/bin/sed
configure:3805: checking for grep that handles long lines and -e
configure:3879: result: /usr/bin/grep
configure:3884: checking for egrep
configure:3962: result: /usr/bin/grep -E
configure:3978: checking for ld used by gcc
configure:4045: result: /usr/bin/ld
configure:4054: checking if the linker (/usr/bin/ld) is GNU ld
configure:4069: result: no
configure:4074: checking for /usr/bin/ld option to reload object files
configure:4081: result: -r
configure:4099: checking for BSD-compatible nm
configure:4148: result: /usr/bin/nm -p
configure:4152: checking whether ln -s works
configure:4156: result: yes
configure:4163: checking how to recognise dependent libraries
configure:4339: result: pass_all
configure:4573: checking how to run the C preprocessor
configure:4613: gcc -E  conftest.c
configure:4619: $? = 0
configure:4650: gcc -E  conftest.c
conftest.c:10:28: error: ac_nonexistent.h: No such file or directory
configure:4656: $? = 1
configure: failed program was:
| /* confdefs.h.  */
| #define PACKAGE_NAME "dSFMT"
| #define PACKAGE_TARNAME "libdsfmt"
| #define PACKAGE_VERSION "1.1.0"
| #define PACKAGE_STRING "dSFMT 1.1.0"
| #define PACKAGE_BUGREPORT "ediap@users.sourceforge.net"
| #define PACKAGE "libdsfmt"
| #define VERSION "1.1.0"
| /* end confdefs.h.  */
| #include <ac_nonexistent.h>
configure:4689: result: gcc -E
configure:4718: gcc -E  conftest.c
configure:4724: $? = 0
configure:4755: gcc -E  conftest.c
conftest.c:10:28: error: ac_nonexistent.h: No such file or directory
configure:4761: $? = 1
configure: failed program was:
| /* confdefs.h.  */
| #define PACKAGE_NAME "dSFMT"
| #define PACKAGE_TARNAME "libdsfmt"
| #define PACKAGE_VERSION "1.1.0"
| #define PACKAGE_STRING "dSFMT 1.1.0"
| #define PACKAGE_BUGREPORT "ediap@users.sourceforge.net"
| #define PACKAGE "libdsfmt"
| #define VERSION "1.1.0"
| /* end confdefs.h.  */
| #include <ac_nonexistent.h>
configure:4799: checking for ANSI C header files
configure:4829: gcc -c -g -O2  conftest.c >&5
configure:4835: $? = 0
configure:4931: gcc -o conftest -g -O2   conftest.c  >&5
configure:4934: $? = 0
configure:4940: ./conftest
configure:4943: $? = 0
configure:4960: result: yes
configure:4984: checking for sys/types.h
configure:5005: gcc -c -g -O2  conftest.c >&5
configure:5011: $? = 0
configure:5027: result: yes
configure:4984: checking for sys/stat.h
configure:5005: gcc -c -g -O2  conftest.c >&5
configure:5011: $? = 0
configure:5027: result: yes
configure:4984: checking for stdlib.h
configure:5005: gcc -c -g -O2  conftest.c >&5
configure:5011: $? = 0
configure:5027: result: yes
configure:4984: checking for string.h
configure:5005: gcc -c -g -O2  conftest.c >&5
configure:5011: $? = 0
configure:5027: result: yes
configure:4984: checking for memory.h
configure:5005: gcc -c -g -O2  conftest.c >&5
configure:5011: $? = 0
configure:5027: result: yes
configure:4984: checking for strings.h
configure:5005: gcc -c -g -O2  conftest.c >&5
configure:5011: $? = 0
configure:5027: result: yes
configure:4984: checking for inttypes.h
configure:5005: gcc -c -g -O2  conftest.c >&5
configure:5011: $? = 0
configure:5027: result: yes
configure:4984: checking for stdint.h
configure:5005: gcc -c -g -O2  conftest.c >&5
configure:5011: $? = 0
configure:5027: result: yes
configure:4984: checking for unistd.h
configure:5005: gcc -c -g -O2  conftest.c >&5
configure:5011: $? = 0
configure:5027: result: yes
configure:5054: checking dlfcn.h usability
configure:5071: gcc -c -g -O2  conftest.c >&5
configure:5077: $? = 0
configure:5091: result: yes
configure:5095: checking dlfcn.h presence
configure:5110: gcc -E  conftest.c
configure:5116: $? = 0
configure:5130: result: yes
configure:5163: checking for dlfcn.h
configure:5171: result: yes
configure:5242: checking for g++
configure:5258: found /usr/bin/g++
configure:5269: result: g++
configure:5300: checking for C++ compiler version
configure:5307: g++ --version >&5
powerpc-apple-darwin8-g++-4.0.0 (GCC) 4.0.0 (Apple Computer, Inc. build 5026)
Copyright (C) 2005 Free Software Foundation, Inc.
This is free software; see the source for copying conditions.  There is NO
warranty; not even for MERCHANTABILITY or FITNESS FOR A PARTICULAR PURPOSE.

configure:5310: $? = 0
configure:5317: g++ -v >&5
Using built-in specs.
Target: powerpc-apple-darwin8
Configured with: /private/var/tmp/gcc/gcc-5026.obj~19/src/configure --disable-checking --prefix=/usr --mandir=/share/man --enable-languages=c,objc,c++,obj-c++ --program-transform-name=/^[cg][^+.-]*$/s/$/-4.0/ --with-gxx-include-dir=/include/gcc/darwin/4.0/c++ --build=powerpc-apple-darwin8 --host=powerpc-apple-darwin8 --target=powerpc-apple-darwin8
Thread model: posix
gcc version 4.0.0 (Apple Computer, Inc. build 5026)
configure:5320: $? = 0
configure:5327: g++ -V >&5
g++: argument to `-V' is missing
configure:5330: $? = 1
configure:5333: checking whether we are using the GNU C++ compiler
configure:5362: g++ -c   conftest.cpp >&5
configure:5368: $? = 0
configure:5385: result: yes
configure:5390: checking whether g++ accepts -g
configure:5420: g++ -c -g  conftest.cpp >&5
configure:5426: $? = 0
configure:5525: result: yes
configure:5550: checking dependency style of g++
configure:5641: result: gcc3
configure:5666: checking how to run the C++ preprocessor
configure:5702: g++ -E  conftest.cpp
configure:5708: $? = 0
configure:5739: g++ -E  conftest.cpp
conftest.cpp:21:28: error: ac_nonexistent.h: No such file or directory
configure:5745: $? = 1
configure: failed program was:
| /* confdefs.h.  */
| #define PACKAGE_NAME "dSFMT"
| #define PACKAGE_TARNAME "libdsfmt"
| #define PACKAGE_VERSION "1.1.0"
| #define PACKAGE_STRING "dSFMT 1.1.0"
| #define PACKAGE_BUGREPORT "ediap@users.sourceforge.net"
| #define PACKAGE "libdsfmt"
| #define VERSION "1.1.0"
| #define STDC_HEADERS 1
| #define HAVE_SYS_TYPES_H 1
| #define HAVE_SYS_STAT_H 1
| #define HAVE_STDLIB_H 1
| #define HAVE_STRING_H 1
| #define HAVE_MEMORY_H 1
| #define HAVE_STRINGS_H 1
| #define HAVE_INTTYPES_H 1
| #define HAVE_STDINT_H 1
| #define HAVE_UNISTD_H 1
| #define HAVE_DLFCN_H 1
| /* end confdefs.h.  */
| #include <ac_nonexistent.h>
configure:5778: result: g++ -E
configure:5807: g++ -E  conftest.cpp
configure:5813: $? = 0
configure:5844: g++ -E  conftest.cpp
conftest.cpp:21:28: error: ac_nonexistent.h: No such file or directory
configure:5850: $? = 1
configure: failed program was:
| /* confdefs.h.  */
| #define PACKAGE_NAME "dSFMT"
| #define PACKAGE_TARNAME "libdsfmt"
| #define PACKAGE_VERSION "1.1.0"
| #define PACKAGE_STRING "dSFMT 1.1.0"
| #define PACKAGE_BUGREPORT "ediap@users.sourceforge.net"
| #define PACKAGE "libdsfmt"
| #define VERSION "1.1.0"
| #define STDC_HEADERS 1
| #define HAVE_SYS_TYPES_H 1
| #define HAVE_SYS_STAT_H 1
| #define HAVE_STDLIB_H 1
| #define HAVE_STRING_H 1
| #define HAVE_MEMORY_H 1
| #define HAVE_STRINGS_H 1
| #define HAVE_INTTYPES_H 1
| #define HAVE_STDINT_H 1
| #define HAVE_UNISTD_H 1
| #define HAVE_DLFCN_H 1
| /* end confdefs.h.  */
| #include <ac_nonexistent.h>
configure:5943: checking for g77
configure:5973: result: no
configure:5943: checking for xlf
configure:5973: result: no
configure:5943: checking for f77
configure:5973: result: no
configure:5943: checking for frt
configure:5973: result: no
configure:5943: checking for pgf77
configure:5973: result: no
configure:5943: checking for cf77
configure:5973: result: no
configure:5943: checking for fort77
configure:5973: result: no
configure:5943: checking for fl32
configure:5973: result: no
configure:5943: checking for af77
configure:5973: result: no
configure:5943: checking for xlf90
configure:5973: result: no
configure:5943: checking for f90
configure:5973: result: no
configure:5943: checking for pgf90
configure:5973: result: no
configure:5943: checking for pghpf
configure:5973: result: no
configure:5943: checking for epcf90
configure:5973: result: no
configure:5943: checking for gfortran
configure:5973: result: no
configure:5943: checking for g95
configure:5973: result: no
configure:5943: checking for xlf95
configure:5973: result: no
configure:5943: checking for f95
configure:5973: result: no
configure:5943: checking for fort
configure:5973: result: no
configure:5943: checking for ifort
configure:5973: result: no
configure:5943: checking for ifc
configure:5973: result: no
configure:5943: checking for efc
configure:5973: result: no
configure:5943: checking for pgf95
configure:5973: result: no
configure:5943: checking for lf95
configure:5973: result: no
configure:5943: checking for ftn
configure:5973: result: no
configure:6000: checking for Fortran 77 compiler version
configure:6007:  --version >&5
./configure: line 1: --version: command not found
configure:6010: $? = 127
configure:6017:  -v >&5
./configure: line 1: -v: command not found
configure:6020: $? = 127
configure:6027:  -V >&5
./configure: line 1: -V: command not found
configure:6030: $? = 127
configure:6038: checking whether we are using the GNU Fortran 77 compiler
configure:6057:  -c  conftest.F >&5
./configure: line 1: -c: command not found
configure:6063: $? = 127
configure: failed program was:
|       program main
| #ifndef __GNUC__
|        choke me
| #endif
| 
|       end
configure:6080: result: no
configure:6086: checking whether  accepts -g
configure:6103:  -c -g conftest.f >&5
./configure: line 1: -c: command not found
configure:6109: $? = 127
configure: failed program was:
|       program main
| 
|       end
configure:6125: result: no
configure:6155: checking the maximum length of command line arguments
configure:6264: result: 196608
configure:6275: checking command to parse /usr/bin/nm -p output from gcc object
configure:6380: gcc -c -g -O2  conftest.c >&5
configure:6383: $? = 0
configure:6387: /usr/bin/nm -p conftest.o \| sed -n -e 's/^.*[ 	]\([BCDEGRST][BCDEGRST]*\)[ 	][ 	]*\([_A-Za-z][_A-Za-z0-9]*\)$/\1 \2 \2/p' \> conftest.nm
configure:6390: $? = 0
cannot find nm_test_var in conftest.nm
configure:6380: gcc -c -g -O2  conftest.c >&5
configure:6383: $? = 0
configure:6387: /usr/bin/nm -p conftest.o \| sed -n -e 's/^.*[ 	]\([BCDEGRST][BCDEGRST]*\)[ 	][ 	]*_\([_A-Za-z][_A-Za-z0-9]*\)$/\1 _\2 \2/p' \> conftest.nm
configure:6390: $? = 0
configure:6442: gcc -o conftest -g -O2   conftest.c conftstm.o >&5
configure:6445: $? = 0
configure:6483: result: ok
configure:6487: checking for objdir
configure:6502: result: .libs
configure:6594: checking for ar
configure:6610: found /usr/bin/ar
configure:6621: result: ar
configure:6690: checking for ranlib
configure:6706: found /usr/bin/ranlib
configure:6717: result: ranlib
configure:6786: checking for strip
configure:6802: found /usr/bin/strip
configure:6813: result: strip
configure:7050: checking for correct ltmain.sh version
configure:7100: result: yes
configure:7160: checking if gcc supports -fno-rtti -fno-exceptions
configure:7181: gcc -c -g -O2  -fno-rtti -fno-exceptions conftest.c >&5
cc1: warning: command line option "-fno-rtti" is valid for C++/ObjC++ but not for C
configure:7185: $? = 0
configure:7195: result: no
configure:7210: checking for gcc option to produce PIC
configure:7420: result: -fno-common
configure:7428: checking if gcc PIC flag -fno-common works
configure:7449: gcc -c -g -O2  -fno-common -DPIC conftest.c >&5
configure:7453: $? = 0
configure:7463: result: yes
configure:7491: checking if gcc static flag -static works
configure:7519: result: no
configure:7529: checking if gcc supports -c -o file.o
configure:7553: gcc -c -g -O2  -o out/conftest2.o conftest.c >&5
configure:7557: $? = 0
configure:7576: result: yes
configure:7602: checking whether the gcc linker (/usr/bin/ld) supports shared libraries
configure:8556: result: yes
configure:8623: checking dynamic linker characteristics
configure:9248: result: darwin8.9.0 dyld
configure:9257: checking how to hardcode library paths into programs
configure:9282: result: immediate
configure:9296: checking whether stripping libraries is possible
configure:9309: result: yes
configure:10102: checking if libtool supports shared libraries
configure:10104: result: yes
configure:10107: checking whether to build shared libraries
configure:10128: result: yes
configure:10131: checking whether to build static libraries
configure:10135: result: yes
configure:10227: creating libtool
configure:10815: checking for ld used by g++
configure:10882: result: /usr/bin/ld
configure:10891: checking if the linker (/usr/bin/ld) is GNU ld
configure:10906: result: no
configure:10957: checking whether the g++ linker (/usr/bin/ld) supports shared libraries
configure:11891: result: yes
configure:11909: g++ -c -g -O2  conftest.cpp >&5
configure:11912: $? = 0
configure:12031: checking for g++ option to produce PIC
configure:12305: result: -fno-common
configure:12313: checking if g++ PIC flag -fno-common works
configure:12334: g++ -c -g -O2  -fno-common -DPIC conftest.cpp >&5
configure:12338: $? = 0
configure:12348: result: yes
configure:12376: checking if g++ static flag -static works
configure:12404: result: no
configure:12414: checking if g++ supports -c -o file.o
configure:12438: g++ -c -g -O2  -o out/conftest2.o conftest.cpp >&5
configure:12442: $? = 0
configure:12461: result: yes
configure:12487: checking whether the g++ linker (/usr/bin/ld) supports shared libraries
configure:12512: result: yes
configure:12579: checking dynamic linker characteristics
configure:13204: result: darwin8.9.0 dyld
configure:13213: checking how to hardcode library paths into programs
configure:13238: result: immediate
configure:19454: checking for ANSI C header files
configure:19615: result: yes
configure:19805: creating ./config.status

## ---------------------- ##
## Running config.status. ##
## ---------------------- ##

This file was extended by dSFMT config.status 1.1.0, which was
generated by GNU Autoconf 2.61.  Invocation command line was

  CONFIG_FILES    = 
  CONFIG_HEADERS  = 
  CONFIG_LINKS    = 
  CONFIG_COMMANDS = 
  $ ./config.status 

on saimac.local

config.status:662: creating Makefile
config.status:662: creating html/Makefile
config.status:662: creating config.h
config.status:937: executing depfiles commands

## ---------------- ##
## Cache variables. ##
## ---------------- ##

ac_cv_build=powerpc-apple-darwin8.9.0
ac_cv_c_compiler_gnu=yes
ac_cv_cxx_compiler_gnu=yes
ac_cv_env_CCC_set=
ac_cv_env_CCC_value=
ac_cv_env_CC_set=
ac_cv_env_CC_value=
ac_cv_env_CFLAGS_set=
ac_cv_env_CFLAGS_value=
ac_cv_env_CPPFLAGS_set=
ac_cv_env_CPPFLAGS_value=
ac_cv_env_CPP_set=
ac_cv_env_CPP_value=
ac_cv_env_CXXCPP_set=
ac_cv_env_CXXCPP_value=
ac_cv_env_CXXFLAGS_set=
ac_cv_env_CXXFLAGS_value=
ac_cv_env_CXX_set=
ac_cv_env_CXX_value=
ac_cv_env_F77_set=
ac_cv_env_F77_value=
ac_cv_env_FFLAGS_set=
ac_cv_env_FFLAGS_value=
ac_cv_env_LDFLAGS_set=
ac_cv_env_LDFLAGS_value=
ac_cv_env_LIBS_set=
ac_cv_env_LIBS_value=
ac_cv_env_build_alias_set=
ac_cv_env_build_alias_value=
ac_cv_env_host_alias_set=
ac_cv_env_host_alias_value=
ac_cv_env_target_alias_set=
ac_cv_env_target_alias_value=
ac_cv_f77_compiler_gnu=no
ac_cv_header_dlfcn_h=yes
ac_cv_header_inttypes_h=yes
ac_cv_header_memory_h=yes
ac_cv_header_stdc=yes
ac_cv_header_stdint_h=yes
ac_cv_header_stdlib_h=yes
ac_cv_header_string_h=yes
ac_cv_header_strings_h=yes
ac_cv_header_sys_stat_h=yes
ac_cv_header_sys_types_h=yes
ac_cv_header_unistd_h=yes
ac_cv_host=powerpc-apple-darwin8.9.0
ac_cv_objext=o
ac_cv_path_EGREP='/usr/bin/grep -E'
ac_cv_path_GREP=/usr/bin/grep
ac_cv_path_install='/usr/bin/install -c'
ac_cv_prog_AWK=awk
ac_cv_prog_CPP='gcc -E'
ac_cv_prog_CXXCPP='g++ -E'
ac_cv_prog_ac_ct_AR=ar
ac_cv_prog_ac_ct_CC=gcc
ac_cv_prog_ac_ct_CXX=g++
ac_cv_prog_ac_ct_RANLIB=ranlib
ac_cv_prog_ac_ct_STRIP=strip
ac_cv_prog_cc_c89=
ac_cv_prog_cc_g=yes
ac_cv_prog_cxx_g=yes
ac_cv_prog_f77_g=no
ac_cv_prog_make_make_set=yes
am_cv_CC_dependencies_compiler_type=gcc3
am_cv_CXX_dependencies_compiler_type=gcc3
lt_cv_deplibs_check_method=pass_all
lt_cv_file_magic_cmd='$MAGIC_CMD'
lt_cv_file_magic_test_file=
lt_cv_ld_reload_flag=-r
lt_cv_objdir=.libs
lt_cv_path_LD=/usr/bin/ld
lt_cv_path_LDCXX=/usr/bin/ld
lt_cv_path_NM='/usr/bin/nm -p'
lt_cv_path_SED=/usr/bin/sed
lt_cv_prog_compiler_c_o=yes
lt_cv_prog_compiler_c_o_CXX=yes
lt_cv_prog_compiler_rtti_exceptions=no
lt_cv_prog_gnu_ld=no
lt_cv_prog_gnu_ldcxx=no
lt_cv_sys_global_symbol_pipe='sed -n -e '\''s/^.*[ 	]\([BCDEGRST][BCDEGRST]*\)[ 	][ 	]*_\([_A-Za-z][_A-Za-z0-9]*\)$/\1 _\2 \2/p'\'''
lt_cv_sys_global_symbol_to_c_name_address='sed -n -e '\''s/^: \([^ ]*\) $/  {\"\1\", (lt_ptr) 0},/p'\'' -e '\''s/^[BCDEGRST] \([^ ]*\) \([^ ]*\)$/  {"\2", (lt_ptr) \&\2},/p'\'''
lt_cv_sys_global_symbol_to_cdecl='sed -n -e '\''s/^. .* \(.*\)$/extern int \1;/p'\'''
lt_cv_sys_max_cmd_len=196608
lt_lt_cv_prog_compiler_c_o='"yes"'
lt_lt_cv_prog_compiler_c_o_CXX='"yes"'
lt_lt_cv_sys_global_symbol_pipe='"sed -n -e '\''s/^.*[ 	]\\([BCDEGRST][BCDEGRST]*\\)[ 	][ 	]*_\\([_A-Za-z][_A-Za-z0-9]*\\)\$/\\1 _\\2 \\2/p'\''"'
lt_lt_cv_sys_global_symbol_to_c_name_address='"sed -n -e '\''s/^: \\([^ ]*\\) \$/  {\\\"\\1\\\", (lt_ptr) 0},/p'\'' -e '\''s/^[BCDEGRST] \\([^ ]*\\) \\([^ ]*\\)\$/  {\"\\2\", (lt_ptr) \\&\\2},/p'\''"'
lt_lt_cv_sys_global_symbol_to_cdecl='"sed -n -e '\''s/^. .* \\(.*\\)\$/extern int \\1;/p'\''"'

## ----------------- ##
## Output variables. ##
## ----------------- ##

ACLOCAL='${SHELL} /Users/saito/labo/sfmt/variation/Piatyszek/libdsfmt-1.1.0/missing --run aclocal-1.10'
AMDEPBACKSLASH='\'
AMDEP_FALSE='#'
AMDEP_TRUE=''
AMTAR='${SHELL} /Users/saito/labo/sfmt/variation/Piatyszek/libdsfmt-1.1.0/missing --run tar'
AR='ar'
AUTOCONF='${SHELL} /Users/saito/labo/sfmt/variation/Piatyszek/libdsfmt-1.1.0/missing --run autoconf'
AUTOHEADER='${SHELL} /Users/saito/labo/sfmt/variation/Piatyszek/libdsfmt-1.1.0/missing --run autoheader'
AUTOMAKE='${SHELL} /Users/saito/labo/sfmt/variation/Piatyszek/libdsfmt-1.1.0/missing --run automake-1.10'
AWK='awk'
CC='gcc'
CCDEPMODE='depmode=gcc3'
CFLAGS='-g -O2'
CPP='gcc -E'
CPPFLAGS=''
CXX='g++'
CXXCPP='g++ -E'
CXXDEPMODE='depmode=gcc3'
CXXFLAGS='-g -O2'
CYGPATH_W='echo'
DEFS='-DHAVE_CONFIG_H'
DEPDIR='.deps'
ECHO='echo'
ECHO_C=''
ECHO_N='-n'
ECHO_T=''
EGREP='/usr/bin/grep -E'
EXEEXT=''
F77=''
FFLAGS=''
GREP='/usr/bin/grep'
INSTALL_DATA='${INSTALL} -m 644'
INSTALL_PROGRAM='${INSTALL}'
INSTALL_SCRIPT='${INSTALL}'
INSTALL_STRIP_PROGRAM='$(install_sh) -c -s'
LDFLAGS=''
LIBOBJS=''
LIBS=''
LIBTOOL='$(SHELL) $(top_builddir)/libtool'
LN_S='ln -s'
LTLIBOBJS=''
MAKEINFO='${SHELL} /Users/saito/labo/sfmt/variation/Piatyszek/libdsfmt-1.1.0/missing --run makeinfo'
OBJEXT='o'
PACKAGE='libdsfmt'
PACKAGE_BUGREPORT='ediap@users.sourceforge.net'
PACKAGE_NAME='dSFMT'
PACKAGE_STRING='dSFMT 1.1.0'
PACKAGE_TARNAME='libdsfmt'
PACKAGE_VERSION='1.1.0'
PATH_SEPARATOR=':'
RANLIB='ranlib'
SET_MAKE=''
SHELL='/bin/sh'
STRIP='strip'
VERSION='1.1.0'
ac_ct_CC='gcc'
ac_ct_CXX='g++'
ac_ct_F77=''
am__fastdepCC_FALSE='#'
am__fastdepCC_TRUE=''
am__fastdepCXX_FALSE='#'
am__fastdepCXX_TRUE=''
am__include='include'
am__isrc=''
am__leading_dot='.'
am__quote=''
am__tar='${AMTAR} chof - "$$tardir"'
am__untar='${AMTAR} xf -'
bindir='${exec_prefix}/bin'
build='powerpc-apple-darwin8.9.0'
build_alias=''
build_cpu='powerpc'
build_os='darwin8.9.0'
build_vendor='apple'
datadir='${datarootdir}'
datarootdir='${prefix}/share'
docdir='${datarootdir}/doc/${PACKAGE_TARNAME}'
dvidir='${docdir}'
exec_prefix='${prefix}'
host='powerpc-apple-darwin8.9.0'
host_alias=''
host_cpu='powerpc'
host_os='darwin8.9.0'
host_vendor='apple'
htmldir='${docdir}'
includedir='${prefix}/include'
infodir='${datarootdir}/info'
install_sh='$(SHELL) /Users/saito/labo/sfmt/variation/Piatyszek/libdsfmt-1.1.0/install-sh'
libdir='${exec_prefix}/lib'
libexecdir='${exec_prefix}/libexec'
localedir='${datarootdir}/locale'
localstatedir='${prefix}/var'
mandir='${datarootdir}/man'
mkdir_p='$(top_builddir)/./install-sh -c -d'
oldincludedir='/usr/include'
pdfdir='${docdir}'
prefix='/usr/local'
program_transform_name='s,x,x,'
psdir='${docdir}'
sbindir='${exec_prefix}/sbin'
sharedstatedir='${prefix}/com'
sysconfdir='${prefix}/etc'
target_alias=''

## ----------- ##
## confdefs.h. ##
## ----------- ##

#define PACKAGE_NAME "dSFMT"
#define PACKAGE_TARNAME "libdsfmt"
#define PACKAGE_VERSION "1.1.0"
#define PACKAGE_STRING "dSFMT 1.1.0"
#define PACKAGE_BUGREPORT "ediap@users.sourceforge.net"
#define PACKAGE "libdsfmt"
#define VERSION "1.1.0"
#define STDC_HEADERS 1
#define HAVE_SYS_TYPES_H 1
#define HAVE_SYS_STAT_H 1
#define HAVE_STDLIB_H 1
#define HAVE_STRING_H 1
#define HAVE_MEMORY_H 1
#define HAVE_STRINGS_H 1
#define HAVE_INTTYPES_H 1
#define HAVE_STDINT_H 1
#define HAVE_UNISTD_H 1
#define HAVE_DLFCN_H 1
#define STDC_HEADERS 1
#define SFMT_MEXP 19937

configure: exit 0
