2006.08.05
X78 のエンディアンは合っていた。
したがって、少なくとも荒いディストリッビューションまではOK!
mt altivec はテンパリングが別ループではない。
従って、sse 用だけテンパリング同一ループのを新しく作ればよい。
mt19937ar_sse2_inline.c にバグあり i=620
上とは別に a0 と a1 が逆になっていた。がーん。

mt altivec も mismatch になっている。
sfmtX78_alti_inline 3番目が違う問題未解決。
perm_sr の 3 を 15 にした。
なぜテストプログラムがOKなのか不明
でも altivec 解決

2006.08.04
sfmtX78_alti_inlineはaltivec コードの単純なコーディング
ミスであった。
sse2にコーディングミスがあった。っていうかrecursionがX78でなかった。

2006.08.03
mt_fastc_inline2 の出力結果がおかしい。
そしてblockの方が遅い。
sfmtX78_alti_inline の出力結果がおかしい。
これはやはり128bit のENDIANのせいと思う。
sse2と一致しないが、それはパラメータが違うからだと思う。
distribution いい加減方式はshiftを変えただけでOK
ちゃんとしたのは要検討
