2007.02.26
do_recursion でlungにHIGH_CONSTを入れると交互にゼロになる。
HIGH_CONSTを入れないようにする。
パラメータサーチには関係なかった。よかった。

2007.02.26
test-parity-vector
周期が保証範囲でも、NGになることはある。
勘違いしていた。

2007.02.26
sfmtD11-st.c, sfmtD11-ref-st.c, sfmtD11-afst.c
do_recursionでc[1]であるべきところがc[0]になっていた。
がーん！

2007.02.25
search-parity-vector.cpp
set_bit でmaskがuint32_tだった。uint64_tに変更。

2007.02.09
chk-shortest.cpp の fill_state_random でマスクをセットしていなかったので、
上位ビットまで乱数がセットされていた。

2006.10.16
resultD01.521.03.txt のdistributionを求めると、k(25) でエラーになる。
shortbase128.cpp のchange_weight_modeでスペシャルのnextを求めようと
しているから。スペシャルの場合、ゼロフラグを立てるようにしたが、
これでよいかどうか、疑問あり。